build/app/intermediates/manifest_merge_blame_file/debug/manifest-merger-blame-debug-report.txt
1<?xml version="1.0" encoding="utf-8"?>
2<!--
3 Copyright 2015 The Chromium Authors. All rights reserved.
4     Use of this source code is governed by a BSD-style license that can be
5     found in the LICENSE file.
6-->
7<manifest xmlns:android="http://schemas.android.com/apk/res/android"
8    package="io.flutter.examples.hello_world"
9    android:versionCode="1"
10    android:versionName="1.0" >
11
12    <uses-sdk
13        android:minSdkVersion="16"
13-->src/main/AndroidManifest.xml
14        android:targetSdkVersion="28" />
14-->src/main/AndroidManifest.xml
15
16    <!--
17         The INTERNET permission is required for development. Specifically,
18         flutter needs it to communicate with the running application
19         to allow setting breakpoints, to provide hot reload, etc.
20    -->
21    <uses-permission android:name="android.permission.INTERNET" />
21-->src/main/AndroidManifest.xml:13:5-66
21-->src/main/AndroidManifest.xml:13:22-64
22    <!--
23     io.flutter.app.FlutterApplication is an android.app.Application that
24         calls FlutterMain.startInitialization(this); in its onCreate method.
25         In most cases you can leave this as-is, but you if you want to provide
26         additional functionality it is fine to subclass or reimplement
27         FlutterApplication and put your custom class here.
28    -->
29    <application
29-->src/main/AndroidManifest.xml:20:5-32:19
30        android:name="io.flutter.app.FlutterApplication"
30-->src/main/AndroidManifest.xml:20:18-66
31        android:debuggable="true"
32        android:icon="@mipmap/ic_launcher"
32-->src/main/AndroidManifest.xml:20:95-129
33        android:label="hello_world" >
33-->src/main/AndroidManifest.xml:20:67-94
34        <activity
34-->src/main/AndroidManifest.xml:21:9-31:20
35            android:name="io.flutter.examples.hello_world.MainActivity"
35-->src/main/AndroidManifest.xml:21:19-47
36            android:configChanges="orientation|keyboardHidden|keyboard|screenSize|locale|layoutDirection|fontScale|screenLayout|density|uiMode"
36-->src/main/AndroidManifest.xml:24:19-150
37            android:hardwareAccelerated="true"
37-->src/main/AndroidManifest.xml:25:19-53
38            android:launchMode="singleTop"
38-->src/main/AndroidManifest.xml:22:19-49
39            android:theme="@android:style/Theme.Black.NoTitleBar"
39-->src/main/AndroidManifest.xml:23:19-72
40            android:windowSoftInputMode="adjustResize" >
40-->src/main/AndroidManifest.xml:26:19-61
41            <intent-filter>
41-->src/main/AndroidManifest.xml:27:13-30:29
42                <action android:name="android.intent.action.MAIN" />
42-->src/main/AndroidManifest.xml:28:17-68
42-->src/main/AndroidManifest.xml:28:25-66
43
44                <category android:name="android.intent.category.LAUNCHER" />
44-->src/main/AndroidManifest.xml:29:17-76
44-->src/main/AndroidManifest.xml:29:27-74
45            </intent-filter>
46        </activity>
47    </application>
48
49</manifest>